<?xml version="1.0" encoding="UTF-8"?>
<testsuite xmlns:xsi="http://www.w3.org/2001/XMLSchema-instance" xsi:noNamespaceSchemaLocation="https://maven.apache.org/surefire/maven-surefire-plugin/xsd/surefire-test-report-3.0.xsd" version="3.0" name="Scenario: Verify user can add single item to the cart from home page BESTSELLER and" time="138.378" tests="13" errors="0" skipped="0" failures="0">
  <properties>
[...]
</properties>
  <testcase name="Given User is on home page" classname="Scenario: Verify user can add single item to the cart from home page BESTSELLER and" time="0.005"/>
  <testcase name="When user click on BESTSELLER and add product to cart" classname="Scenario: Verify user can add single item to the cart from home page BESTSELLER and" time="0.001"/>
  <testcase name="And user Add the Quantity and Size of the product" classname="Scenario: Verify user can add single item to the cart from home page BESTSELLER and" time="0"/>
  <testcase name="And user select color and add the product" classname="Scenario: Verify user can add single item to the cart from home page BESTSELLER and" time="0"/>
  <testcase name="And user proceed to checkout" classname="Scenario: Verify user can add single item to the cart from home page BESTSELLER and" time="0"/>
  <testcase name="And product move to shopping cart summary" classname="Scenario: Verify user can add single item to the cart from home page BESTSELLER and" time="0"/>
  <testcase name="And user enter email as &quot;finestsaffron@hotmail.co.uk&quot; and password as &quot;finestsaffron&quot;" classname="Scenario: Verify user can add single item to the cart from home page BESTSELLER and" time="0"/>
  <testcase name="And user confirm address" classname="Scenario: Verify user can add single item to the cart from home page BESTSELLER and" time="0"/>
  <testcase name="And user select terms of services for shipping" classname="Scenario: Verify user can add single item to the cart from home page BESTSELLER and" time="0"/>
  <testcase name="And user click on pay by bank wire" classname="Scenario: Verify user can add single item to the cart from home page BESTSELLER and" time="0"/>
  <testcase name="And user click on I confirm my order" classname="Scenario: Verify user can add single item to the cart from home page BESTSELLER and" time="0"/>
  <testcase name="Then user should see order confirmation" classname="Scenario: Verify user can add single item to the cart from home page BESTSELLER and" time="0"/>
  <testcase name="" classname="Scenario: Verify user can add single item to the cart from home page BESTSELLER and" time="2.908"/>
</testsuite>